<?xml version="1.0" encoding="utf-8"?>
<!DOCTYPE hibernate-configuration PUBLIC
	"-//Hibernate/Hibernate Configuration DTD 3.0//EN"
	"http://hibernate.sourceforge.net/hibernate-configuration-3.0.dtd">

<hibernate-configuration>
	<session-factory>
		<mapping resource="ReportDesign.hbm.xml"/>
		<mapping resource="ReportRequest.hbm.xml"/>
        <mapping resource="HtmlFormEntryHtmlForm.hbm.xml"/>
		<mapping resource="SyncClass.hbm.xml" />
		<mapping resource="SyncImportRecord.hbm.xml" />
		<mapping resource="SyncRecord.hbm.xml" />
		<mapping resource="SyncServer.hbm.xml" />
		<mapping resource="SyncServerClass.hbm.xml" />
		<mapping resource="SyncServerRecord.hbm.xml" />
		<mapping class="org.openmrs.module.sync.TransmissionLog" />
		<mapping class="org.openmrs.module.sync.TransmissionLogRecord" />
	</session-factory>
</hibernate-configuration>
